<?xml version="1.0" encoding="UTF-8"?>
<robot generator="Robot 6.1.1 (Python 3.12.1 on win32)" generated="20231226 09:05:01.202" rpa="false" schemaversion="4">
<suite id="s1" name="Amazon Testes" source="C:\GITHUB\robot_framework\WebTesting\amazon_testes.robot">
<test id="s1-t1" name="aso de Teste 03 - Adicionar Produto no Carrinho" line="34">
<kw name="Abrir o navegador" library="amazon_resources" type="SETUP">
<kw name="Open Browser" library="SeleniumLibrary">
<arg>browser=${BROWSER}</arg>
<doc>Opens a new browser instance to the optional ``url``.</doc>
<msg timestamp="20231226 09:05:01.921" level="INFO">Opening browser 'chrome' to base url 'None'.</msg>
<status status="PASS" starttime="20231226 09:05:01.920" endtime="20231226 09:05:04.277"/>
</kw>
<kw name="Maximize Browser Window" library="SeleniumLibrary">
<doc>Maximizes current browser window.</doc>
<status status="PASS" starttime="20231226 09:05:04.277" endtime="20231226 09:05:04.408"/>
</kw>
<status status="PASS" starttime="20231226 09:05:01.919" endtime="20231226 09:05:04.408"/>
</kw>
<kw name="Acessar a home page do site Amazon.com.br" library="amazon_resources">
<kw name="Go To" library="SeleniumLibrary">
<arg>url=${URL}</arg>
<doc>Navigates the current browser window to the provided ``url``.</doc>
<msg timestamp="20231226 09:05:04.408" level="INFO">Opening url 'https://www.amazon.com.br'</msg>
<status status="PASS" starttime="20231226 09:05:04.408" endtime="20231226 09:05:05.189"/>
</kw>
<kw name="Wait Until Element Is Visible" library="SeleniumLibrary">
<arg>locator=${MENU_ELETRONICOS}</arg>
<doc>Waits until the element ``locator`` is visible.</doc>
<msg timestamp="20231226 09:05:07.191" level="WARN">Keyword 'Capture Page Screenshot' could not be run on failure: Message: no such window: target window already closed
from unknown error: web view not found
  (Session info: chrome=120.0.6099.130)
Stacktrace:
	GetHandleVerifier [0x00486EE3+174339]
	(No symbol) [0x003B0A51]
	(No symbol) [0x000C6FF6]
	(No symbol) [0x000AEFE7]
	(No symbol) [0x0011B53B]
	(No symbol) [0x00129E7B]
	(No symbol) [0x00116DA6]
	(No symbol) [0x000F1034]
	(No symbol) [0x000F1F8D]
	GetHandleVerifier [0x00524B1C+820540]
	sqlite3_dbdata_init [0x005E53EE+653550]
	sqlite3_dbdata_init [0x005E4E09+652041]
	sqlite3_dbdata_init [0x005D97CC+605388]
	sqlite3_dbdata_init [0x005E5D9B+656027]
	(No symbol) [0x003BFE6C]
	(No symbol) [0x003B83B8]
	(No symbol) [0x003B84DD]
	(No symbol) [0x003A5818]
	BaseThreadInitThunk [0x76D67BA9+25]
	RtlInitializeExceptionChain [0x779DBD2B+107]
	RtlClearBits [0x779DBCAF+191]
	(No symbol) [0x00000000]
</msg>
<msg timestamp="20231226 09:05:07.198" level="FAIL">NoSuchWindowException: Message: no such window: target window already closed
from unknown error: web view not found
  (Session info: chrome=120.0.6099.130)
Stacktrace:
	GetHandleVerifier [0x00486EE3+174339]
	(No symbol) [0x003B0A51]
	(No symbol) [0x000C6FF6]
	(No symbol) [0x000AEFE7]
	(No symbol) [0x0011B53B]
	(No symbol) [0x00129E7B]
	(No symbol) [0x00116DA6]
	(No symbol) [0x000F1034]
	(No symbol) [0x000F1F8D]
	GetHandleVerifier [0x00524B1C+820540]
	sqlite3_dbdata_init [0x005E53EE+653550]
	sqlite3_dbdata_init [0x005E4E09+652041]
	sqlite3_dbdata_init [0x005D97CC+605388]
	sqlite3_dbdata_init [0x005E5D9B+656027]
	(No symbol) [0x003BFE6C]
	(No symbol) [0x003B83B8]
	(No symbol) [0x003B84DD]
	(No symbol) [0x003A5818]
	BaseThreadInitThunk [0x76D67BA9+25]
	RtlInitializeExceptionChain [0x779DBD2B+107]
	RtlClearBits [0x779DBCAF+191]
	(No symbol) [0x00000000]
</msg>
<status status="FAIL" starttime="20231226 09:05:05.190" endtime="20231226 09:05:07.201"/>
</kw>
<status status="FAIL" starttime="20231226 09:05:04.408" endtime="20231226 09:05:07.201"/>
</kw>
<kw name="Digitar o nome de produto &quot;Xbox Series S&quot; no campo de pesquisa" library="amazon_resources" sourcename="Digitar o nome de produto &quot;${PRODUTO}&quot; no campo de pesquisa">
<status status="NOT RUN" starttime="20231226 09:05:07.201" endtime="20231226 09:05:07.201"/>
</kw>
<kw name="Clicar no botão de pesquisa" library="amazon_resources">
<status status="NOT RUN" starttime="20231226 09:05:07.201" endtime="20231226 09:05:07.207"/>
</kw>
<kw name="Verificar o resultado da pesquisa se está listando o produto &quot;Console Xbox Series S&quot;" library="amazon_resources" sourcename="Verificar o resultado da pesquisa se está listando o produto &quot;${PRODUTO}&quot;">
<status status="NOT RUN" starttime="20231226 09:05:07.207" endtime="20231226 09:05:07.207"/>
</kw>
<kw name="Adicionar o produto &quot;Console Xbox Series S&quot; no carrinho" library="amazon_resources" sourcename="Adicionar o produto &quot;${PRODUTO}&quot; no carrinho">
<status status="NOT RUN" starttime="20231226 09:05:07.207" endtime="20231226 09:05:07.208"/>
</kw>
<kw name="Verificar se o produto &quot;Console Xbox Series S&quot; foi adicionado com sucesso" library="amazon_resources" sourcename="Verificar se o produto &quot;${PRODUTO}&quot; foi adicionado com sucesso">
<status status="NOT RUN" starttime="20231226 09:05:07.208" endtime="20231226 09:05:07.208"/>
</kw>
<kw name="Fechar o navegador" library="amazon_resources" type="TEARDOWN">
<kw name="Capture Page Screenshot" library="SeleniumLibrary">
<doc>Takes a screenshot of the current page and embeds it into a log file.</doc>
<msg timestamp="20231226 09:05:07.217" level="WARN">Keyword 'Capture Page Screenshot' could not be run on failure: Message: no such window: target window already closed
from unknown error: web view not found
  (Session info: chrome=120.0.6099.130)
Stacktrace:
	GetHandleVerifier [0x00486EE3+174339]
	(No symbol) [0x003B0A51]
	(No symbol) [0x000C6FF6]
	(No symbol) [0x000AEFE7]
	(No symbol) [0x0011B53B]
	(No symbol) [0x00129E7B]
	(No symbol) [0x00116DA6]
	(No symbol) [0x000F1034]
	(No symbol) [0x000F1F8D]
	GetHandleVerifier [0x00524B1C+820540]
	sqlite3_dbdata_init [0x005E53EE+653550]
	sqlite3_dbdata_init [0x005E4E09+652041]
	sqlite3_dbdata_init [0x005D97CC+605388]
	sqlite3_dbdata_init [0x005E5D9B+656027]
	(No symbol) [0x003BFE6C]
	(No symbol) [0x003B83B8]
	(No symbol) [0x003B84DD]
	(No symbol) [0x003A5818]
	BaseThreadInitThunk [0x76D67BA9+25]
	RtlInitializeExceptionChain [0x779DBD2B+107]
	RtlClearBits [0x779DBCAF+191]
	(No symbol) [0x00000000]
</msg>
<msg timestamp="20231226 09:05:07.224" level="FAIL">NoSuchWindowException: Message: no such window: target window already closed
from unknown error: web view not found
  (Session info: chrome=120.0.6099.130)
Stacktrace:
	GetHandleVerifier [0x00486EE3+174339]
	(No symbol) [0x003B0A51]
	(No symbol) [0x000C6FF6]
	(No symbol) [0x000AEFE7]
	(No symbol) [0x0011B53B]
	(No symbol) [0x00129E7B]
	(No symbol) [0x00116DA6]
	(No symbol) [0x000F1034]
	(No symbol) [0x000F1F8D]
	GetHandleVerifier [0x00524B1C+820540]
	sqlite3_dbdata_init [0x005E53EE+653550]
	sqlite3_dbdata_init [0x005E4E09+652041]
	sqlite3_dbdata_init [0x005D97CC+605388]
	sqlite3_dbdata_init [0x005E5D9B+656027]
	(No symbol) [0x003BFE6C]
	(No symbol) [0x003B83B8]
	(No symbol) [0x003B84DD]
	(No symbol) [0x003A5818]
	BaseThreadInitThunk [0x76D67BA9+25]
	RtlInitializeExceptionChain [0x779DBD2B+107]
	RtlClearBits [0x779DBCAF+191]
	(No symbol) [0x00000000]
</msg>
<status status="FAIL" starttime="20231226 09:05:07.209" endtime="20231226 09:05:07.250"/>
</kw>
<kw name="Close Browser" library="SeleniumLibrary">
<doc>Closes the current browser.</doc>
<status status="PASS" starttime="20231226 09:05:07.250" endtime="20231226 09:05:09.363"/>
</kw>
<status status="FAIL" starttime="20231226 09:05:07.209" endtime="20231226 09:05:09.364">NoSuchWindowException: Message: no such window: target window already closed
from unknown error: web view not found
  (Session info: chrome=120.0.6099.130)
Stacktrace:
	GetHandleVerifier [0x00486EE3+174339]
	(No symbol) [0x003B0A51]
	(No symbol) [0x000C6FF6]
	(No symbol) [0x000AEFE7]
	(No symbol) [0x0011B53B]
	(No symbol) [0x00129E7B]
	(No symbol) [0x00116DA6]
	(No symbol) [0x000F1034]
	(No symbol) [0x000F1F8D]
	GetHandleVerifier [0x00524B1C+820540]
	sqlite3_dbdata_init [0x005E53EE+653550]
	sqlite3_dbdata_init [0x005E4E09+652041]
	sqlite3_dbdata_init [0x005D97CC+605388]
	sqlite3_dbdata_init [0x005E5D9B+656027]
	(No symbol) [0x003BFE6C]
	(No symbol) [0x003B83B8]
	(No symbol) [0x003B84DD]
	(No symbol) [0x003A5818]
	BaseThreadInitThunk [0x76D67BA9+25]
	RtlInitializeExceptionChain [0x779DBD2B+107]
	RtlClearBits [0x779DBCAF+191]
	(No symbol) [0x00000000]
</status>
</kw>
<doc>Esse teste verifica a adição de um produto no carrinho de compras</doc>
<tag>adicionar_carrinho</tag>
<status status="FAIL" starttime="20231226 09:05:01.908" endtime="20231226 09:05:09.364">NoSuchWindowException: Message: no such window: target window already closed
from unknown error: web view not found
  (Session info: chrome=120.0.6099.130)
Stacktrace:
	GetHandleVerifier [0x00486EE3+174339]
	(No symbol) [0x003B0A51]
	(No symbol) [0x000C6FF6]
	(No symbol) [0x000AEFE7]
	(No symbol) [0x0011B53B]
	(No symbol) [0x00129E7B]
	(No symbol) [0x00116DA6]
	(No symbol) [0x000F1034]
	(No symbol) [0x000F1F8D]
	GetHandleVerifier [0x00524B1C+820540]
	sqlite3_dbdata_init [0x005E53EE+653550]
	sqlite3_dbdata_init [0x005E4E09+652041]
	sqlite3_dbdata_init [0x005D97CC+605388]
	sqlite3_dbdata_init [0x005E5D9B+656027]
	(No symbol) [0x003BFE6C]
	(No symbol) [0x003B83B8]
	(No symbol) [0x003B84DD]
	(No symbol) [0x003A5818]
	BaseThreadInitThunk [0x76D67BA9+25]
	RtlInitializeExceptionChain [0x779DBD2B+107]
	RtlClearBits [0x779DBCAF+191]
	(No symbol) [0x00000000]


Also teardown failed:
NoSuchWindowException: Message: no such window: target window already closed
from unknown error: web view not found
  (Session info: chrome=120.0.6099.130)
Stacktrace:
	GetHandleVerifier [0x00486EE3+174339]
	(No symbol) [0x003B0A51]
	(No symbol) [0x000C6FF6]
	(No symbol) [0x000AEFE7]
	(No symbol) [0x0011B53B]
	(No symbol) [0x00129E7B]
	(No symbol) [0x00116DA6]
	(No symbol) [0x000F1034]
	(No symbol) [0x000F1F8D]
	GetHandleVerifier [0x00524B1C+820540]
	sqlite3_dbdata_init [0x005E53EE+653550]
	sqlite3_dbdata_init [0x005E4E09+652041]
	sqlite3_dbdata_init [0x005D97CC+605388]
	sqlite3_dbdata_init [0x005E5D9B+656027]
	(No symbol) [0x003BFE6C]
	(No symbol) [0x003B83B8]
	(No symbol) [0x003B84DD]
	(No symbol) [0x003A5818]
	BaseThreadInitThunk [0x76D67BA9+25]
	RtlInitializeExceptionChain [0x779DBD2B+107]
	RtlClearBits [0x779DBCAF+191]
	(No symbol) [0x00000000]
</status>
</test>
<doc>Essa suite testa o site da Amazon</doc>
<status status="FAIL" starttime="20231226 09:05:01.202" endtime="20231226 09:05:09.381"/>
</suite>
<statistics>
<total>
<stat pass="0" fail="1" skip="0">All Tests</stat>
</total>
<tag>
<stat pass="0" fail="1" skip="0">adicionar_carrinho</stat>
</tag>
<suite>
<stat pass="0" fail="1" skip="0" id="s1" name="Amazon Testes">Amazon Testes</stat>
</suite>
</statistics>
<errors>
<msg timestamp="20231226 09:05:07.191" level="WARN">Keyword 'Capture Page Screenshot' could not be run on failure: Message: no such window: target window already closed
from unknown error: web view not found
  (Session info: chrome=120.0.6099.130)
Stacktrace:
	GetHandleVerifier [0x00486EE3+174339]
	(No symbol) [0x003B0A51]
	(No symbol) [0x000C6FF6]
	(No symbol) [0x000AEFE7]
	(No symbol) [0x0011B53B]
	(No symbol) [0x00129E7B]
	(No symbol) [0x00116DA6]
	(No symbol) [0x000F1034]
	(No symbol) [0x000F1F8D]
	GetHandleVerifier [0x00524B1C+820540]
	sqlite3_dbdata_init [0x005E53EE+653550]
	sqlite3_dbdata_init [0x005E4E09+652041]
	sqlite3_dbdata_init [0x005D97CC+605388]
	sqlite3_dbdata_init [0x005E5D9B+656027]
	(No symbol) [0x003BFE6C]
	(No symbol) [0x003B83B8]
	(No symbol) [0x003B84DD]
	(No symbol) [0x003A5818]
	BaseThreadInitThunk [0x76D67BA9+25]
	RtlInitializeExceptionChain [0x779DBD2B+107]
	RtlClearBits [0x779DBCAF+191]
	(No symbol) [0x00000000]
</msg>
<msg timestamp="20231226 09:05:07.217" level="WARN">Keyword 'Capture Page Screenshot' could not be run on failure: Message: no such window: target window already closed
from unknown error: web view not found
  (Session info: chrome=120.0.6099.130)
Stacktrace:
	GetHandleVerifier [0x00486EE3+174339]
	(No symbol) [0x003B0A51]
	(No symbol) [0x000C6FF6]
	(No symbol) [0x000AEFE7]
	(No symbol) [0x0011B53B]
	(No symbol) [0x00129E7B]
	(No symbol) [0x00116DA6]
	(No symbol) [0x000F1034]
	(No symbol) [0x000F1F8D]
	GetHandleVerifier [0x00524B1C+820540]
	sqlite3_dbdata_init [0x005E53EE+653550]
	sqlite3_dbdata_init [0x005E4E09+652041]
	sqlite3_dbdata_init [0x005D97CC+605388]
	sqlite3_dbdata_init [0x005E5D9B+656027]
	(No symbol) [0x003BFE6C]
	(No symbol) [0x003B83B8]
	(No symbol) [0x003B84DD]
	(No symbol) [0x003A5818]
	BaseThreadInitThunk [0x76D67BA9+25]
	RtlInitializeExceptionChain [0x779DBD2B+107]
	RtlClearBits [0x779DBCAF+191]
	(No symbol) [0x00000000]
</msg>
</errors>
</robot>
